[    0.000000] Linux version 4.15.0-136-generic (buildd@lcy01-amd64-029) (gcc version 7.5.0 (Ubuntu 7.5.0-3ubuntu1~18.04)) #140-Ubuntu SMP Thu Jan 28 05:20:47 UTC 2021 (Ubuntu 4.15.0-136.140-generic 4.15.18)
[    0.000000] Command line: BOOT_IMAGE=/boot/vmlinuz-4.15.0-136-generic root=LABEL=cloudimg-rootfs ro console=tty1 console=ttyS0
[    0.000000] KERNEL supported cpus:
[    0.000000]   Intel GenuineIntel
[    0.000000]   AMD AuthenticAMD
[    0.000000]   Centaur CentaurHauls
[    0.000000] x86/fpu: Supporting XSAVE feature 0x001: 'x87 floating point registers'
[    0.000000] x86/fpu: Supporting XSAVE feature 0x002: 'SSE registers'
[    0.000000] x86/fpu: Supporting XSAVE feature 0x004: 'AVX registers'
[    0.000000] x86/fpu: xstate_offset[2]:  576, xstate_sizes[2]:  256
[    0.000000] x86/fpu: Enabled xstate features 0x7, context size is 832 bytes, using 'standard' format.
[    0.000000] e820: BIOS-provided physical RAM map:
[    0.000000] BIOS-e820: [mem 0x0000000000000000-0x000000000009fbff] usable
[    0.000000] BIOS-e820: [mem 0x000000000009fc00-0x000000000009ffff] reserved
[    0.000000] BIOS-e820: [mem 0x00000000000f0000-0x00000000000fffff] reserved
[    0.000000] BIOS-e820: [mem 0x0000000000100000-0x000000003ffeffff] usable
[    0.000000] BIOS-e820: [mem 0x000000003fff0000-0x000000003fffffff] ACPI data
[    0.000000] BIOS-e820: [mem 0x00000000fec00000-0x00000000fec00fff] reserved
[    0.000000] BIOS-e820: [mem 0x00000000fee00000-0x00000000fee00fff] reserved
[    0.000000] BIOS-e820: [mem 0x00000000fffc0000-0x00000000ffffffff] reserved
[    0.000000] NX (Execute Disable) protection: active
[    0.000000] SMBIOS 2.5 present.
[    0.000000] DMI: innotek GmbH VirtualBox/VirtualBox, BIOS VirtualBox 12/01/2006
[    0.000000] Hypervisor detected: KVM
[    0.000000] e820: last_pfn = 0x3fff0 max_arch_pfn = 0x400000000
[    0.000000] MTRR: Disabled
[    0.000000] x86/PAT: MTRRs disabled, skipping PAT initialization too.
[    0.000000] CPU MTRRs all blank - virtualized system.
[    0.000000] x86/PAT: Configuration [0-7]: WB  WT  UC- UC  WB  WT  UC- UC  
[    0.000000] found SMP MP-table at [mem 0x0009fff0-0x0009ffff]
[    0.000000] Scanning 1 areas for low memory corruption
[    0.000000] RAMDISK: [mem 0x35a61000-0x36d27fff]
[    0.000000] ACPI: Early table checksum verification disabled
[    0.000000] ACPI: RSDP 0x00000000000E0000 000024 (v02 VBOX  )
[    0.000000] ACPI: XSDT 0x000000003FFF0030 00003C (v01 VBOX   VBOXXSDT 00000001 ASL  00000061)
[    0.000000] ACPI: FACP 0x000000003FFF00F0 0000F4 (v04 VBOX   VBOXFACP 00000001 ASL  00000061)
[    0.000000] ACPI: DSDT 0x000000003FFF0470 002325 (v02 VBOX   VBOXBIOS 00000002 INTL 20190509)
[    0.000000] ACPI: FACS 0x000000003FFF0200 000040
[    0.000000] ACPI: FACS 0x000000003FFF0200 000040
[    0.000000] ACPI: APIC 0x000000003FFF0240 00005C (v02 VBOX   VBOXAPIC 00000001 ASL  00000061)
[    0.000000] ACPI: SSDT 0x000000003FFF02A0 0001CC (v01 VBOX   VBOXCPUT 00000002 INTL 20190509)
[    0.000000] No NUMA configuration found
[    0.000000] Faking a node at [mem 0x0000000000000000-0x000000003ffeffff]
[    0.000000] NODE_DATA(0) allocated [mem 0x3ffc5000-0x3ffeffff]
[    0.000000] kvm-clock: cpu 0, msr 0:3ff44001, primary cpu clock
[    0.000000] kvm-clock: Using msrs 4b564d01 and 4b564d00
[    0.000000] kvm-clock: using sched offset of 3699445817 cycles
[    0.000000] clocksource: kvm-clock: mask: 0xffffffffffffffff max_cycles: 0x1cd42e4dffb, max_idle_ns: 881590591483 ns
[    0.000000] Zone ranges:
[    0.000000]   DMA      [mem 0x0000000000001000-0x0000000000ffffff]
[    0.000000]   DMA32    [mem 0x0000000001000000-0x000000003ffeffff]
[    0.000000]   Normal   empty
[    0.000000]   Device   empty
[    0.000000] Movable zone start for each node
[    0.000000] Early memory node ranges
[    0.000000]   node   0: [mem 0x0000000000001000-0x000000000009efff]
[    0.000000]   node   0: [mem 0x0000000000100000-0x000000003ffeffff]
[    0.000000] Reserved but unavailable: 98 pages
[    0.000000] Initmem setup node 0 [mem 0x0000000000001000-0x000000003ffeffff]
[    0.000000] ACPI: PM-Timer IO Port: 0x4008
[    0.000000] IOAPIC[0]: apic_id 2, version 32, address 0xfec00000, GSI 0-23
[    0.000000] ACPI: INT_SRC_OVR (bus 0 bus_irq 0 global_irq 2 dfl dfl)
[    0.000000] ACPI: INT_SRC_OVR (bus 0 bus_irq 9 global_irq 9 low level)
[    0.000000] Using ACPI (MADT) for SMP configuration information
[    0.000000] smpboot: Allowing 2 CPUs, 0 hotplug CPUs
[    0.000000] PM: Registered nosave memory: [mem 0x00000000-0x00000fff]
[    0.000000] PM: Registered nosave memory: [mem 0x0009f000-0x0009ffff]
[    0.000000] PM: Registered nosave memory: [mem 0x000a0000-0x000effff]
[    0.000000] PM: Registered nosave memory: [mem 0x000f0000-0x000fffff]
[    0.000000] e820: [mem 0x40000000-0xfebfffff] available for PCI devices
[    0.000000] Booting paravirtualized kernel on KVM
[    0.000000] clocksource: refined-jiffies: mask: 0xffffffff max_cycles: 0xffffffff, max_idle_ns: 7645519600211568 ns
[    0.000000] random: get_random_bytes called from start_kernel+0x99/0x500 with crng_init=0
[    0.000000] setup_percpu: NR_CPUS:8192 nr_cpumask_bits:2 nr_cpu_ids:2 nr_node_ids:1
[    0.000000] percpu: Embedded 45 pages/cpu s147456 r8192 d28672 u1048576
[    0.000000] PV qspinlock hash table entries: 256 (order: 0, 4096 bytes)
[    0.000000] Built 1 zonelists, mobility grouping on.  Total pages: 257913
[    0.000000] Policy zone: DMA32
[    0.000000] Kernel command line: BOOT_IMAGE=/boot/vmlinuz-4.15.0-136-generic root=LABEL=cloudimg-rootfs ro console=tty1 console=ttyS0
[    0.000000] Memory: 983016K/1048120K available (12300K kernel code, 2482K rwdata, 4276K rodata, 2440K init, 2724K bss, 65104K reserved, 0K cma-reserved)
[    0.000000] SLUB: HWalign=64, Order=0-3, MinObjects=0, CPUs=2, Nodes=1
[    0.000000] Kernel/User page tables isolation: enabled
[    0.000000] ftrace: allocating 39427 entries in 155 pages
[    0.004000] Hierarchical RCU implementation.
[    0.004000] 	RCU restricting CPUs from NR_CPUS=8192 to nr_cpu_ids=2.
[    0.004000] 	Tasks RCU enabled.
[    0.004000] RCU: Adjusting geometry for rcu_fanout_leaf=16, nr_cpu_ids=2
[    0.004000] NR_IRQS: 524544, nr_irqs: 440, preallocated irqs: 16
[    0.004000] Console: colour VGA+ 80x25
[    0.004000] console [tty1] enabled
[    0.004000] console [ttyS0] enabled
[    0.004000] ACPI: Core revision 20170831
[    0.004000] ACPI: 2 ACPI AML tables successfully acquired and loaded
[    0.004000] APIC: Switch to symmetric I/O mode setup
[    0.004000] x2apic enabled
[    0.004000] Switched APIC routing to physical x2apic.
[    0.004000] ..TIMER: vector=0x30 apic1=0 pin1=2 apic2=-1 pin2=-1
[    0.004004] tsc: Detected 2807.926 MHz processor
[    0.004800] Calibrating delay loop (skipped) preset value.. 5615.85 BogoMIPS (lpj=11231704)
[    0.005512] pid_max: default: 32768 minimum: 301
[    0.006406] Security Framework initialized
[    0.008005] Yama: becoming mindful.
[    0.008612] AppArmor: AppArmor initialized
[    0.009946] Dentry cache hash table entries: 131072 (order: 8, 1048576 bytes)
[    0.011026] Inode-cache hash table entries: 65536 (order: 7, 524288 bytes)
[    0.012012] Mount-cache hash table entries: 2048 (order: 2, 16384 bytes)
[    0.013042] Mountpoint-cache hash table entries: 2048 (order: 2, 16384 bytes)
[    0.014296] Last level iTLB entries: 4KB 64, 2MB 8, 4MB 8
[    0.015103] Last level dTLB entries: 4KB 64, 2MB 0, 4MB 0, 1GB 4
[    0.016002] Spectre V1 : Mitigation: usercopy/swapgs barriers and __user pointer sanitization
[    0.017358] Spectre V2 : Mitigation: Full generic retpoline
[    0.018674] Spectre V2 : Spectre v2 / SpectreRSB mitigation: Filling RSB on context switch
[    0.020005] Speculative Store Bypass: Vulnerable
[    0.020816] SRBDS: Unknown: Dependent on hypervisor status
[    0.021565] MDS: Mitigation: Clear CPU buffers
[    0.022354] Freeing SMP alternatives memory: 36K
[    0.134353] smpboot: CPU0: Intel(R) Core(TM) i7-7700HQ CPU @ 2.80GHz (family: 0x6, model: 0x9e, stepping: 0x9)
[    0.136000] Performance Events: unsupported p6 CPU model 158 no PMU driver, software events only.
[    0.136066] Hierarchical SRCU implementation.
[    0.137545] NMI watchdog: Perf event create on CPU 0 failed with -2
[    0.138483] NMI watchdog: Perf NMI watchdog permanently disabled
[    0.139382] smp: Bringing up secondary CPUs ...
[    0.140000] x86: Booting SMP configuration:
[    0.140000] .... node  #0, CPUs:      #1
[    0.004000] kvm-clock: cpu 1, msr 0:3ff44041, secondary cpu clock
[    0.146857] smp: Brought up 1 node, 2 CPUs
[    0.146857] smpboot: Max logical packages: 1
[    0.148004] smpboot: Total of 2 processors activated (11231.70 BogoMIPS)
[    0.149043] devtmpfs: initialized
[    0.149043] x86/mm: Memory block size: 128MB
[    0.149839] evm: security.selinux
[    0.152009] evm: security.SMACK64
[    0.152627] evm: security.SMACK64EXEC
[    0.153306] evm: security.SMACK64TRANSMUTE
[    0.153872] evm: security.SMACK64MMAP
[    0.154451] evm: security.apparmor
[    0.155007] evm: security.ima
[    0.155461] evm: security.capability
[    0.156099] clocksource: jiffies: mask: 0xffffffff max_cycles: 0xffffffff, max_idle_ns: 7645041785100000 ns
[    0.157335] futex hash table entries: 512 (order: 3, 32768 bytes)
[    0.158750] pinctrl core: initialized pinctrl subsystem
[    0.160009] RTC time: 21:29:06, date: 03/12/21
[    0.160805] NET: Registered protocol family 16
[    0.161484] audit: initializing netlink subsys (disabled)
[    0.162167] audit: type=2000 audit(1615584552.094:1): state=initialized audit_enabled=0 res=1
[    0.162167] cpuidle: using governor ladder
[    0.164023] cpuidle: using governor menu
[    0.164561] ACPI: bus type PCI registered
[    0.165058] acpiphp: ACPI Hot Plug PCI Controller Driver version: 0.5
[    0.165970] PCI: Using configuration type 1 for base access
[    0.168071] HugeTLB registered 2.00 MiB page size, pre-allocated 0 pages
[    0.169163] ACPI: Added _OSI(Module Device)
[    0.169163] ACPI: Added _OSI(Processor Device)
[    0.169331] ACPI: Added _OSI(3.0 _SCP Extensions)
[    0.171248] ACPI: Added _OSI(Processor Aggregator Device)
[    0.172000] ACPI: Added _OSI(Linux-Dell-Video)
[    0.172005] ACPI: Added _OSI(Linux-Lenovo-NV-HDMI-Audio)
[    0.172652] ACPI: Added _OSI(Linux-HPI-Hybrid-Graphics)
[    0.173524] ACPI: Executed 1 blocks of module-level executable AML code
[    0.177212] ACPI: Interpreter enabled
[    0.177744] ACPI: (supports S0 S5)
[    0.178260] ACPI: Using IOAPIC for interrupt routing
[    0.179417] PCI: Using host bridge windows from ACPI; if necessary, use "pci=nocrs" and report a bug
[    0.180241] ACPI: Enabled 2 GPEs in block 00 to 07
[    0.188243] ACPI: PCI Root Bridge [PCI0] (domain 0000 [bus 00-ff])
[    0.189114] acpi PNP0A03:00: _OSC: OS supports [ASPM ClockPM Segments MSI]
[    0.190386] acpi PNP0A03:00: _OSC: not requesting OS control; OS requires [ExtendedConfig ASPM ClockPM MSI]
[    0.191682] acpi PNP0A03:00: fail to add MMCONFIG information, can't access extended PCI configuration space under this bridge.
[    0.192281] PCI host bridge to bus 0000:00
[    0.192861] pci_bus 0000:00: root bus resource [io  0x0000-0x0cf7 window]
[    0.193648] pci_bus 0000:00: root bus resource [io  0x0d00-0xffff window]
[    0.194582] pci_bus 0000:00: root bus resource [mem 0x000a0000-0x000bffff window]
[    0.196020] pci_bus 0000:00: root bus resource [mem 0x40000000-0xfdffffff window]
[    0.197498] pci_bus 0000:00: root bus resource [bus 00-ff]
[    0.201028] pci 0000:00:01.1: legacy IDE quirk: reg 0x10: [io  0x01f0-0x01f7]
[    0.202328] pci 0000:00:01.1: legacy IDE quirk: reg 0x14: [io  0x03f6]
[    0.203338] pci 0000:00:01.1: legacy IDE quirk: reg 0x18: [io  0x0170-0x0177]
[    0.204002] pci 0000:00:01.1: legacy IDE quirk: reg 0x1c: [io  0x0376]
[    0.221301] pci 0000:00:07.0: quirk: [io  0x4000-0x403f] claimed by PIIX4 ACPI
[    0.222467] pci 0000:00:07.0: quirk: [io  0x4100-0x410f] claimed by PIIX4 SMB
[    0.230938] ACPI: PCI Interrupt Link [LNKA] (IRQs 5 9 10 *11)
[    0.232000] ACPI: PCI Interrupt Link [LNKB] (IRQs 5 9 *10 11)
[    0.232118] ACPI: PCI Interrupt Link [LNKC] (IRQs 5 *9 10 11)
[    0.236117] ACPI: PCI Interrupt Link [LNKD] (IRQs 5 9 10 *11)
[    0.237395] SCSI subsystem initialized
[    0.238026] pci 0000:00:02.0: vgaarb: setting as boot VGA device
[    0.238026] pci 0000:00:02.0: vgaarb: VGA device added: decodes=io+mem,owns=io+mem,locks=none
[    0.240015] pci 0000:00:02.0: vgaarb: bridge control possible
[    0.240871] vgaarb: loaded
[    0.241340] ACPI: bus type USB registered
[    0.242012] usbcore: registered new interface driver usbfs
[    0.244008] usbcore: registered new interface driver hub
[    0.244945] usbcore: registered new device driver usb
[    0.246297] EDAC MC: Ver: 3.0.0
[    0.246297] PCI: Using ACPI for IRQ routing
[    0.248260] NetLabel: Initializing
[    0.248856] NetLabel:  domain hash size = 128
[    0.249587] NetLabel:  protocols = UNLABELED CIPSOv4 CALIPSO
[    0.250782] NetLabel:  unlabeled traffic allowed by default
[    0.252124] clocksource: Switched to clocksource kvm-clock
[    0.262252] VFS: Disk quotas dquot_6.6.0
[    0.263067] VFS: Dquot-cache hash table entries: 512 (order 0, 4096 bytes)
[    0.264166] AppArmor: AppArmor Filesystem Enabled
[    0.265102] pnp: PnP ACPI init
[    0.266791] pnp: PnP ACPI: found 3 devices
[    0.275558] clocksource: acpi_pm: mask: 0xffffff max_cycles: 0xffffff, max_idle_ns: 2085701024 ns
[    0.276699] NET: Registered protocol family 2
[    0.277487] TCP established hash table entries: 8192 (order: 4, 65536 bytes)
[    0.278926] TCP bind hash table entries: 8192 (order: 5, 131072 bytes)
[    0.280812] TCP: Hash tables configured (established 8192 bind 8192)
[    0.281712] UDP hash table entries: 512 (order: 2, 16384 bytes)
[    0.282568] UDP-Lite hash table entries: 512 (order: 2, 16384 bytes)
[    0.283470] NET: Registered protocol family 1
[    0.284399] pci 0000:00:00.0: Limiting direct PCI/PCI transfers
[    0.285419] pci 0000:00:01.0: Activating ISA DMA hang workarounds
[    0.286268] pci 0000:00:02.0: Video device with shadowed ROM at [mem 0x000c0000-0x000dffff]
[    0.287468] Unpacking initramfs...
[    0.552906] Freeing initrd memory: 19228K
[    0.553675] clocksource: tsc: mask: 0xffffffffffffffff max_cycles: 0x287980589a3, max_idle_ns: 440795260374 ns
[    0.554957] platform rtc_cmos: registered platform RTC device (no PNP device found)
[    0.556019] Scanning for low memory corruption every 60 seconds
[    0.557320] Initialise system trusted keyrings
[    0.557950] Key type blacklist registered
[    0.558599] workingset: timestamp_bits=36 max_order=18 bucket_order=0
[    0.560203] zbud: loaded
[    0.561274] squashfs: version 4.0 (2009/01/31) Phillip Lougher
[    0.562771] fuse init (API version 7.26)
[    0.565621] Key type asymmetric registered
[    0.566307] Asymmetric key parser 'x509' registered
[    0.568246] Block layer SCSI generic (bsg) driver version 0.4 loaded (major 246)
[    0.570639] io scheduler noop registered
[    0.571175] io scheduler deadline registered
[    0.571787] io scheduler cfq registered (default)
[    0.572726] ACPI: AC Adapter [AC] (on-line)
[    0.573331] input: Power Button as /devices/LNXSYSTM:00/LNXPWRBN:00/input/input0
[    0.574363] ACPI: Power Button [PWRF]
[    0.574914] input: Sleep Button as /devices/LNXSYSTM:00/LNXSLPBN:00/input/input1
[    0.575867] ACPI: Sleep Button [SLPF]
[    0.577192] ACPI: Battery Slot [BAT0] (battery present)
[    0.578503] Serial: 8250/16550 driver, 32 ports, IRQ sharing enabled
[    0.600553] 00:02: ttyS0 at I/O 0x3f8 (irq = 4, base_baud = 115200) is a 16550A
[    0.604402] Linux agpgart interface v0.103
[    0.606383] loop: module loaded
[    0.607425] scsi host0: ata_piix
[    0.608150] scsi host1: ata_piix
[    0.608763] ata1: PATA max UDMA/33 cmd 0x1f0 ctl 0x3f6 bmdma 0xd000 irq 14
[    0.609821] ata2: PATA max UDMA/33 cmd 0x170 ctl 0x376 bmdma 0xd008 irq 15
[    0.610979] libphy: Fixed MDIO Bus: probed
[    0.611755] tun: Universal TUN/TAP device driver, 1.6
[    0.612996] PPP generic driver version 2.4.2
[    0.613649] ehci_hcd: USB 2.0 'Enhanced' Host Controller (EHCI) Driver
[    0.614529] ehci-pci: EHCI PCI platform driver
[    0.615234] ehci-platform: EHCI generic platform driver
[    0.615986] ohci_hcd: USB 1.1 'Open' Host Controller (OHCI) Driver
[    0.617042] ohci-pci: OHCI PCI platform driver
[    0.617858] ohci-platform: OHCI generic platform driver
[    0.618710] uhci_hcd: USB Universal Host Controller Interface driver
[    0.619735] i8042: PNP: PS/2 Controller [PNP0303:PS2K,PNP0f03:PS2M] at 0x60,0x64 irq 1,12
[    0.621327] serio: i8042 KBD port at 0x60,0x64 irq 1
[    0.622071] serio: i8042 AUX port at 0x60,0x64 irq 12
[    0.622935] mousedev: PS/2 mouse device common for all mice
[    0.627906] input: AT Translated Set 2 keyboard as /devices/platform/i8042/serio0/input/input2
[    0.630021] rtc_cmos rtc_cmos: rtc core: registered rtc_cmos as rtc0
[    0.631114] rtc_cmos rtc_cmos: alarms up to one day, 114 bytes nvram
[    0.632241] i2c /dev entries driver
[    0.632913] device-mapper: uevent: version 1.0.3
[    0.633736] device-mapper: ioctl: 4.37.0-ioctl (2017-09-20) initialised: dm-devel@redhat.com
[    0.635286] ledtrig-cpu: registered to indicate activity on CPUs
[    0.636690] NET: Registered protocol family 10
[    0.640428] Segment Routing with IPv6
[    0.641017] NET: Registered protocol family 17
[    0.641727] Key type dns_resolver registered
[    0.642653] mce: Using 0 MCE banks
[    0.643415] RAS: Correctable Errors collector initialized.
[    0.644311] sched_clock: Marking stable (644283026, 0)->(770793136, -126510110)
[    0.646599] registered taskstats version 1
[    0.647326] Loading compiled-in X.509 certificates
[    0.650514] Loaded X.509 cert 'Build time autogenerated kernel key: c356b48d5f070be9e15fb09bbd57426939f0386e'
[    0.652358] zswap: loaded using pool lzo/zbud
[    0.656249] Key type big_key registered
[    0.657028] Key type trusted registered
[    0.658954] Key type encrypted registered
[    0.659567] AppArmor: AppArmor sha1 policy hashing enabled
[    0.660392] ima: No TPM chip found, activating TPM-bypass! (rc=-19)
[    0.661533] ima: Allocated hash algorithm: sha1
[    0.662891] evm: HMAC attrs: 0x1
[    0.663707]   Magic number: 13:38:500
[    0.664491] rtc_cmos rtc_cmos: setting system clock to 2021-03-12 21:29:07 UTC (1615584547)
[    0.666253] BIOS EDD facility v0.16 2004-Jun-25, 0 devices found
[    0.667489] EDD information not available.
[    0.799537] Freeing unused kernel image memory: 2440K
[    0.808279] Write protecting the kernel read-only data: 20480k
[    0.809752] Freeing unused kernel image memory: 2008K
[    0.810793] Freeing unused kernel image memory: 1868K
[    0.818857] x86/mm: Checked W+X mappings: passed, no W+X pages found.
[    0.819766] x86/mm: Checking user space page tables
[    0.826221] x86/mm: Checked W+X mappings: passed, no W+X pages found.
Loading, please wait...
starting version 237
[    0.898298] Fusion MPT base driver 3.04.20
[    0.899010] Copyright (c) 1999-2008 LSI Corporation
[    0.903131] e1000: Intel(R) PRO/1000 Network Driver - version 7.3.21-k8-NAPI
[    0.905714] e1000: Copyright (c) 1999-2006 Intel Corporation.
[    0.916492] AVX2 version of gcm_enc/dec engaged.
[    0.917237] AES CTR mode by8 optimization enabled
[    0.918323] Fusion MPT SPI Host driver 3.04.20
[    0.936429] mptbase: ioc0: Initiating bringup
[    1.139349] input: ImExPS/2 Generic Explorer Mouse as /devices/platform/i8042/serio1/input/input4
[    1.173347] ioc0: LSI53C1030 A0: Capabilities={Initiator}
[    4.173636] scsi host2: ioc0: LSI53C1030 A0, FwRev=00000000h, Ports=1, MaxQ=256, IRQ=20
[    7.040530] scsi 2:0:0:0: Direct-Access     VBOX     HARDDISK         1.0  PQ: 0 ANSI: 5
[    7.092254] scsi target2:0:0: Beginning Domain Validation
[    7.099875] scsi target2:0:0: Domain Validation skipping write tests
[    7.105949] scsi target2:0:0: Ending Domain Validation
[    7.111251] scsi target2:0:0: asynchronous
[    7.119030] scsi 2:0:1:0: Direct-Access     VBOX     HARDDISK         1.0  PQ: 0 ANSI: 5
[    7.464186] scsi target2:0:1: Beginning Domain Validation
[    7.474180] random: fast init done
[    7.483190] scsi target2:0:1: Domain Validation skipping write tests
[    7.488008] scsi target2:0:1: Ending Domain Validation
[    7.489431] random: systemd-udevd: uninitialized urandom read (16 bytes read)
[    7.492105] e1000 0000:00:03.0 eth0: (PCI:33MHz:32-bit) 02:c3:31:86:ce:e2
[    7.499045] random: systemd-udevd: uninitialized urandom read (16 bytes read)
[    7.502991] e1000 0000:00:03.0 eth0: Intel(R) PRO/1000 Network Connection
[    7.507091] random: systemd-udevd: uninitialized urandom read (16 bytes read)
[    7.510630] scsi target2:0:1: asynchronous
[    7.525193] e1000 0000:00:03.0 enp0s3: renamed from eth0
[    7.527400] sd 2:0:0:0: Attached scsi generic sg0 type 0
[    7.530447] sd 2:0:0:0: [sda] 83886080 512-byte logical blocks: (42.9 GB/40.0 GiB)
[    7.530711] sd 2:0:1:0: Attached scsi generic sg1 type 0
[    7.536906] sd 2:0:0:0: [sda] Write Protect is off
[    7.539196] sd 2:0:1:0: [sdb] 20480 512-byte logical blocks: (10.5 MB/10.0 MiB)
[    7.542556] sd 2:0:0:0: [sda] Incomplete mode parameter data
[    7.545892] sd 2:0:0:0: [sda] Assuming drive cache: write through
[    7.546077] sd 2:0:1:0: [sdb] Write Protect is off
[    7.551625] sd 2:0:1:0: [sdb] Incomplete mode parameter data
[    7.554324] sd 2:0:1:0: [sdb] Assuming drive cache: write through
[    7.572738]  sda: sda1
[    7.577250] sd 2:0:0:0: [sda] Attached SCSI disk
[    7.577629] sd 2:0:1:0: [sdb] Attached SCSI disk
Begin: Loading essential drivers ... [    9.092087] raid6: sse2x1   gen() 10356 MB/s
[    9.140097] raid6: sse2x1   xor()  7611 MB/s
[    9.188055] raid6: sse2x2   gen() 12961 MB/s
[    9.236061] raid6: sse2x2   xor()  7423 MB/s
[    9.284112] raid6: sse2x4   gen()  8679 MB/s
[    9.332120] raid6: sse2x4   xor()  8926 MB/s
[    9.380128] raid6: avx2x1   gen() 18659 MB/s
[    9.428063] raid6: avx2x1   xor() 14680 MB/s
[    9.476080] raid6: avx2x2   gen() 26312 MB/s
[    9.524072] raid6: avx2x2   xor() 16787 MB/s
[    9.572073] raid6: avx2x4   gen() 29740 MB/s
[    9.620059] raid6: avx2x4   xor() 15223 MB/s
[    9.620670] raid6: using algorithm avx2x4 gen() 29740 MB/s
[    9.621374] raid6: .... xor() 15223 MB/s, rmw enabled
[    9.622040] raid6: using avx2x2 recovery algorithm
[    9.623949] xor: automatically using best checksumming function   avx       
[    9.626298] async_tx: api initialized (async)
done.
Begin: Running /scripts/init-premount ... done.
Begin: Mounting root file system ... Begin: Running /scripts/local-top ... done.
Begin: Running /scripts/local-premount ... [    9.673979] Btrfs loaded, crc32c=crc32c-intel
Scanning for Btrfs filesystems
done.
Warning: fsck not present, so skipping root file system
[    9.719602] EXT4-fs (sda1): mounted filesystem with ordered data mode. Opts: (null)
done.
Begin: Running /scripts/local-bottom ... done.
Begin: Running /scripts/init-bottom ... done.
[   10.093457] ip_tables: (C) 2000-2006 Netfilter Core Team
[   10.124581] systemd[1]: systemd 237 running in system mode. (+PAM +AUDIT +SELINUX +IMA +APPARMOR +SMACK +SYSVINIT +UTMP +LIBCRYPTSETUP +GCRYPT +GNUTLS +ACL +XZ +LZ4 +SECCOMP +BLKID +ELFUTILS +KMOD -IDN2 +IDN -PCRE2 default-hierarchy=hybrid)
[   10.136802] systemd[1]: Detected virtualization oracle.
[   10.139542] systemd[1]: Detected architecture x86-64.

Welcome to [1mUbuntu 18.04.5 LTS[0m!

[   10.170310] systemd[1]: Set hostname to <ubuntu>.
[   10.182331] systemd[1]: Initializing machine ID from random generator.
[   10.186141] systemd[1]: Installed transient /etc/machine-id file.
[   10.607592] systemd[1]: Reached target System Time Synchronized.
[[0;32m  OK  [0m] Reached target System Time Synchronized.
[   10.609894] systemd[1]: Started Forward Password Requests to Wall Directory Watch.
[[0;32m  OK  [0m] Started Forward Password Requests to Wall Directory Watch.
[   10.612659] systemd[1]: Reached target User and Group Name Lookups.
[[0;32m  OK  [0m] Reached target User and Group Name Lookups.
[   10.614566] systemd[1]: Reached target Swap.
[[0;32m  OK  [0m] Reached target Swap.
[[0;32m  OK  [0m] Set up automount Arbitrary Executab…rmats File System Automount Point.
[[0;32m  OK  [0m] Created slice User and Session Slice.
[[0;32m  OK  [0m] Created slice System Slice.
[[0;32m  OK  [0m] Listening on udev Control Socket.
[[0;32m  OK  [0m] Listening on Journal Socket (/dev/log).
[[0;32m  OK  [0m] Listening on udev Kernel Socket.
[[0;32m  OK  [0m] Listening on LVM2 metadata daemon socket.
[[0;32m  OK  [0m] Created slice system-serial\x2dgetty.slice.
[[0;32m  OK  [0m] Reached target Slices.
[[0;32m  OK  [0m] Listening on Device-mapper event daemon FIFOs.
[[0;32m  OK  [0m] Listening on Syslog Socket.
[[0;32m  OK  [0m] Listening on LVM2 poll daemon socket.
[[0;32m  OK  [0m] Listening on Journal Socket.
         Mounting POSIX Message Queue File System...
         Starting Monitoring of LVM2 mirrors…ng dmeventd or progress polling...
         Starting Uncomplicated firewall...
         Starting Create list of required st…ce nodes for the current kernel...
         Starting Load Kernel Modules...
         Mounting Huge Pages File System...
[[0;32m  OK  [0m] Listening on Journal Audit Socket.
         Starting Journal Service...
         Mounting Kernel Debug File System...
         Starting Set the console keyboard layout...
         Starting udev Coldplug all Devices...
[[0;32m  OK  [0m] Listening on /dev/initctl Compatibility Named Pipe.
[[0;32m  OK  [0m] Listening on fsck to fsckd communication Socket.
         Starting File System Check on Root Device...
[   10.713060] Loading iSCSI transport class v2.0-870.
[[0;32m  OK  [0m] Listening on Network Service Netlink Socket.
[[0;32m  OK  [0m] Started Journal Service.
[[0;32m  OK  [0m] Mounted POSIX Message Queue File System.
[[0;32m  OK  [0m] Started Uncomplicated firewall.
[   10.782256] iscsi: registered transport (tcp)
[[0;32m  OK  [0m] Started Create list of required sta…vice nodes for the current kernel.
[[0;32m  OK  [0m] Mounted Huge Pages File System.
[[0;32m  OK  [0m] Mounted Kernel Debug File System.
[[0;32m  OK  [0m] Started File System Check Daemon to report status.
[[0;32m  OK  [0m] Started LVM2 metadata daemon.
         Starting Create Static Device Nodes in /dev...
[[0;32m  OK  [0m] Started udev Coldplug all Devices.
[   10.819044] iscsi: registered transport (iser)
[[0;32m  OK  [0m] Started Load Kernel Modules.
         Mounting Kernel Configuration File System...
         Starting Apply Kernel Variables...
         Mounting FUSE Control File System...
[[0;32m  OK  [0m] Mounted Kernel Configuration File System.
[[0;32m  OK  [0m] Mounted FUSE Control File System.
[[0;32m  OK  [0m] Started File System Check on Root Device.
         Starting Remount Root and Kernel File Systems...
[[0;32m  OK  [0m] Started Create Static Device Nodes in /dev.
[[0;32m  OK  [0m] Started Monitoring of LVM2 mirrors,…sing dmeventd or progress polling.
[[0;32m  OK  [0m] Started Apply Kernel Variables.
[[0;32m  OK  [0m] Started Remount Root and Kernel File Systems.
         Starting Flush Journal to Persistent Storage...
         Starting udev Kernel Device Manager...
         Starting Load/Save Random Seed...
[[0;32m  OK  [0m] Started Load/Save Random Seed.
[[0;32m  OK  [0m] Started udev Kernel Device Manager.
[[0;32m  OK  [0m] Started Flush Journal to Persistent Storage.
[[0;32m  OK  [0m] Found device /dev/ttyS0.
[[0;32m  OK  [0m] Listening on Load/Save RF Kill Switch Status /dev/rfkill Watch.
[[0;32m  OK  [0m] Started Set the console keyboard layout.
[[0;32m  OK  [0m] Started Dispatch Password Requests to Console Directory Watch.
[[0;32m  OK  [0m] Reached target Local Encrypted Volumes.
[[0;32m  OK  [0m] Reached target Local File Systems (Pre).
[[0;32m  OK  [0m] Reached target Local File Systems.
         Starting ebtables ruleset management...
         Starting Tell Plymouth To Write Out Runtime Data...
         Starting AppArmor initialization...
         Starting Create Volatile Files and Directories...
         Starting Commit a transient machine-id on disk...
         Starting Set console font and keymap...
[[0;32m  OK  [0m] Started Tell Plymouth To Write Out Runtime Data.
[[0;32m  OK  [0m] Started Set console font and keymap.
[[0;32m  OK  [0m] Started Create Volatile Files and Directories.
         Starting Update UTMP about System Boot/Shutdown...
[[0;32m  OK  [0m] Started Commit a transient machine-id on disk.
[[0;32m  OK  [0m] Started Update UTMP about System Boot/Shutdown.
[[0;32m  OK  [0m] Started ebtables ruleset management.
[[0;32m  OK  [0m] Started AppArmor initialization.
         Starting Load AppArmor profiles managed internally by snapd...
         Starting Initial cloud-init job (pre-networking)...
[[0;32m  OK  [0m] Started Load AppArmor profiles managed internally by snapd.
[   14.368422] cloud-init[687]: Cloud-init v. 20.4.1-0ubuntu1~18.04.1 running 'init-local' at Fri, 12 Mar 2021 21:29:20 +0000. Up 13.90 seconds.
[[0;32m  OK  [0m] Started Initial cloud-init job (pre-networking).
[[0;32m  OK  [0m] Reached target Network (Pre).
         Starting Network Service...
[[0;32m  OK  [0m] Started Network Service.
         Starting Network Name Resolution...
         Starting Wait for Network to be Configured...
[[0;32m  OK  [0m] Started Network Name Resolution.
[[0;32m  OK  [0m] Reached target Host and Network Name Lookups.
[[0;32m  OK  [0m] Reached target Network.
[[0;32m  OK  [0m] Started Wait for Network to be Configured.
         Starting Initial cloud-init job (metadata service crawler)...
[   17.018842] cloud-init[818]: Cloud-init v. 20.4.1-0ubuntu1~18.04.1 running 'init' at Fri, 12 Mar 2021 21:29:23 +0000. Up 16.89 seconds.
[   17.020259] cloud-init[818]: ci-info: ++++++++++++++++++++++++++++++++++++++Net device info++++++++++++++++++++++++++++++++++++++
[   17.021601] cloud-init[818]: ci-info: +--------+------+----------------------------+---------------+--------+-------------------+
[   17.023360] cloud-init[818]: ci-info: | Device |  Up  |          Address           |      Mask     | Scope  |     Hw-Address    |
[   17.024865] cloud-init[818]: ci-info: +--------+------+----------------------------+---------------+--------+-------------------+
[   17.026303] cloud-init[818]: ci-info: | enp0s3 | True |         10.0.2.15          | 255.255.255.0 | global | 02:c3:31:86:ce:e2 |
[   17.028032] cloud-init[818]: ci-info: | enp0s3 | True | fe80::c3:31ff:fe86:cee2/64 |       .       |  link  | 02:c3:31:86:ce:e2 |
[   17.029539] cloud-init[818]: ci-info: |   lo   | True |         127.0.0.1          |   255.0.0.0   |  host  |         .         |
[   17.030975] cloud-init[818]: ci-info: |   lo   | True |          ::1/128           |       .       |  host  |         .         |
[   17.032523] cloud-init[818]: ci-info: +--------+------+----------------------------+---------------+--------+-------------------+
[   17.033659] cloud-init[818]: ci-info: ++++++++++++++++++++++++++++Route IPv4 info+++++++++++++++++++++++++++++
[   17.034544] cloud-init[818]: ci-info: +-------+-------------+----------+-----------------+-----------+-------+
[   17.035760] cloud-init[818]: ci-info: | Route | Destination | Gateway  |     Genmask     | Interface | Flags |
[   17.036961] cloud-init[818]: ci-info: +-------+-------------+----------+-----------------+-----------+-------+
[   17.038269] cloud-init[818]: ci-info: |   0   |   0.0.0.0   | 10.0.2.2 |     0.0.0.0     |   enp0s3  |   UG  |
[   17.039514] cloud-init[818]: ci-info: |   1   |   10.0.2.0  | 0.0.0.0  |  255.255.255.0  |   enp0s3  |   U   |
[   17.040961] cloud-init[818]: ci-info: |   2   |   10.0.2.2  | 0.0.0.0  | 255.255.255.255 |   enp0s3  |   UH  |
[   17.041967] cloud-init[818]: ci-info: +-------+-------------+----------+-----------------+-----------+-------+
[   17.042899] cloud-init[818]: ci-info: +++++++++++++++++++Route IPv6 info+++++++++++++++++++
[   17.043802] cloud-init[818]: ci-info: +-------+-------------+---------+-----------+-------+
[   17.056232] cloud-init[818]: ci-info: | Route | Destination | Gateway | Interface | Flags |
[   17.056952] cloud-init[818]: ci-info: +-------+-------------+---------+-----------+-------+
[   17.057706] cloud-init[818]: ci-info: |   1   |  fe80::/64  |    ::   |   enp0s3  |   U   |
[   17.058482] cloud-init[818]: ci-info: |   3   |    local    |    ::   |   enp0s3  |   U   |
[   17.059265] cloud-init[818]: ci-info: |   4   |   ff00::/8  |    ::   |   enp0s3  |   U   |
[   17.060097] cloud-init[818]: ci-info: +-------+-------------+---------+-----------+-------+
[   18.469738] cloud-init[818]: Generating public/private rsa key pair.
[   18.470754] cloud-init[818]: Your identification has been saved in /etc/ssh/ssh_host_rsa_key.
[   18.472617] cloud-init[818]: Your public key has been saved in /etc/ssh/ssh_host_rsa_key.pub.
[   18.474346] cloud-init[818]: The key fingerprint is:
[   18.484300] cloud-init[818]: SHA256:+anq32zBgCAmWh9zkqdN7rmlh18di8mWLhYJ9w0M72c root@ubuntu-bionic
[   18.485396] cloud-init[818]: The key's randomart image is:
[   18.486195] cloud-init[818]: +---[RSA 2048]----+
[   18.486917] cloud-init[818]: |     .           |
[   18.487692] cloud-init[818]: |. + * + .        |
[   18.488425] cloud-init[818]: |.+ o % . +       |
[   18.489129] cloud-init[818]: |.   o = o.+      |
[   18.489851] cloud-init[818]: |     . +S* o.    |
[   18.490570] cloud-init[818]: |      o +o=*Eo   |
[   18.491306] cloud-init[818]: |       = .X+o    |
[   18.491954] cloud-init[818]: |      + +B.      |
[   18.492772] cloud-init[818]: |     .o*+o+      |
[   18.494258] cloud-init[818]: +----[SHA256]-----+
[   18.495816] cloud-init[818]: Generating public/private dsa key pair.
[   18.497862] cloud-init[818]: Your identification has been saved in /etc/ssh/ssh_host_dsa_key.
[   18.499664] cloud-init[818]: Your public key has been saved in /etc/ssh/ssh_host_dsa_key.pub.
[   18.500659] cloud-init[818]: The key fingerprint is:
[   18.501316] cloud-init[818]: SHA256:IIiHMpU6KgOeJZ3S64CsGXdstzBcxooyrf5N95r4drM root@ubuntu-bionic
[   18.502321] cloud-init[818]: The key's randomart image is:
[   18.503008] cloud-init[818]: +---[DSA 1024]----+
[   18.505148] cloud-init[818]: |  ..             |
[   18.507165] cloud-init[818]: | +..             |
[   18.508836] cloud-init[818]: |=.= o..          |
[   18.510474] cloud-init[818]: |== = .+.         |
[   18.512106] cloud-init[818]: |*o=+.+  S        |
[   18.513664] cloud-init[818]: |O=+.O .          |
[   18.515282] cloud-init[818]: |oOoo = o         |
[   18.516887] cloud-init[818]: |+  .o +.oo       |
[   18.518436] cloud-init[818]: |.... oo+oEo      |
[   18.520027] cloud-init[818]: +----[SHA256]-----+
[   18.521642] cloud-init[818]: Generating public/private ecdsa key pair.
[   18.522637] cloud-init[818]: Your identification has been saved in /etc/ssh/ssh_host_ecdsa_key.
[   18.523980] cloud-init[818]: Your public key has been saved in /etc/ssh/ssh_host_ecdsa_key.pub.
[   18.525333] cloud-init[818]: The key fingerprint is:[[0;32m  OK  [0m] Started Initial cloud-init job (metadata service crawler).
[[0;32m  OK  [0m] Reached target Cloud-config availability.
[[0;32m  OK  [0m] Reached target System Initialization.

         Starting LXD - unix socket.
[   18.541519] [[0;32m  OK  [0m] Listening on D-Bus System Message Bus Socket.
cloud-init[818]: SHA256:oWBIrSudIFDJ3ingudOzTtEgznaWy6oA83wiFihBP4o root@ubuntu-bionic
[[0;32m  OK  [0m] Started ACPI Events Check.
[   18.543395] cloud-init[818]: The key's randomart image is:
         Starting Socket activation for snappy daemon.
[   18.544470] cloud-init[818]: [[0;32m  OK  [0m] Started Discard unused blocks once a week.
[[0;32m  OK  [0m] Listening on UUID daemon activation socket.
[[0;32m  OK  [0m] Listening on Open-iSCSI iscsid Socket.
[[0;32m  OK  [0m] Reached target Paths.
[[0;32m  OK  [0m] Listening on ACPID Listen Socket.
[[0;32m  OK  [0m] Started Daily apt download activities.
[[0;32m  OK  [0m] Started Daily apt upgrade and clean activities.
[[0;32m  OK  [0m] Started Daily Cleanup of Temporary Directories.
[[0;32m  OK  [0m] Started Message of the Day.
[[0;32m  OK  [0m] Reached target Timers.
[[0;32m  OK  [0m] Reached target Network is Online.
+---[ECDSA 256]---+
[   18.550943] [[0;32m  OK  [0m] Reached target Remote File Systems (Pre).
[[0;32m  OK  [0m] Reached target Remote File Systems.
cloud-init[818]: | +oo             |         Starting Availability of block devices...
[[0;32m  OK  [0m] Listening on LXD - unix socket.
[[0;32m  OK  [0m] Listening on Socket activation for snappy daemon.
[[0;32m  OK  [0m] Reached target Sockets.
[[0;32m  OK  [0m] Reached target Basic System.

[   18.554231]          Starting System Logging Service...
cloud-init[818]: |+.+..            |
         Starting Virtualbox guest utils...
         Starting Accounts Service...
[   18.559701] cloud-init[818]: |++o*o.  .        |
[   18.561426] cloud-init[818]: |B+*.B. . .       |
[   18.564209] cloud-init[818]: |EOoO .. S        |
[   18.564889] cloud-init[818]: |=*Ooo            |
[   18.565427] cloud-init[818]: |oo=++            |
[   18.566273] cloud-init[818]: |o.o+             |
[   18.566967] cloud-init[818]: |o...             |
[   18.567693] cloud-init[818]: +----[SHA256]-----+
[   18.569084] cloud-init[818]: Generating public/private ed25519 key pair.
[   18.570331] cloud-init[818]: Your identification has been saved in /etc/ssh/ssh_host_ed25519_key.
[   18.571940] cloud-init[818]: Your public key has been saved in /etc/ssh/ssh_host_ed25519_key.pub.
[   18.572829] cloud-init[818]: The key fingerprint is:
[   18.573900] cloud-init[818]: SHA256:An03/XNQ8Nr2DbPmT2majigPHGYmO55ptiK0t2K59eY root@ubuntu-bionic
[   18.575188] cloud-init[818]: The key's randomart image is:
[   18.575817] cloud-init[818]: +--[ED25519 256]--+
[   18.576493] cloud-init[818]: |              ...|
[   18.577048] cloud-init[818]: |     .     .   o |
[   18.578386] cloud-init[818]: |    . . . o . . .|
[   18.578868] cloud-init[818]: |     . . . . . + |
[   18.579488] cloud-init[818]: |     ..=S     * +|
[   18.579858] cloud-init[818]: | .    B..      B+|
[   18.580316] cloud-init[818]: |. o. o o      oo+|
[   18.580723] cloud-init[818]: | *.oo++.. . .o+. |
[   18.581147] cloud-init[818]: |..=.BE. oo ..+...|
[   18.581556] cloud-init[818]: +----[SHA256]-----+
[[0;32m  OK  [0m] Started Regular background program processing daemon.
[[0;32m  OK  [0m] Started Deferred execution scheduler.
[[0;32m  OK  [0m] Started FUSE filesystem for LXC.
         Starting LSB: Record successful boot for GRUB...
         Starting Permit User Sessions...
         Starting LSB: automatic crash report generation...
         Starting Login Service...
         Starting Snap Daemon...
[[0;32m  OK  [0m] Started irqbalance daemon.
         Starting Dispatcher daemon for systemd-networkd...
         Starting Pollinate to seed the pseudo random number generator...
[[0;32m  OK  [0m] Started D-Bus System Message Bus.
[[0;32m  OK  [0m] Started Login Service.
[[0;32m  OK  [0m] Started Unattended Upgrades Shutdown.
         Starting LXD - container startup/shutdown...
[[0;32m  OK  [0m] Started System Logging Service.
[[0;32m  OK  [0m] Started Availability of block devices.
[[0;32m  OK  [0m] Started Permit User Sessions.
         Starting Terminate Plymouth Boot Screen...
         Starting Hold until boot process finishes up...
[[0;32m  OK  [0m] Started Hold until boot process finishes up.
         Starting Set console scheme...
[[0;32m  OK  [0m] Started Serial Getty on ttyS0.
[[0;32m  OK  [0m] Started Terminate Plymouth Boot Screen.
[[0;32m  OK  [0m] Started Set console scheme.
[[0;32m  OK  [0m] Created slice system-getty.slice.
[[0;32m  OK  [0m] Started Getty on tty1.
[[0;32m  OK  [0m] Reached target Login Prompts.
         Starting Authorization Manager...
[[0;32m  OK  [0m] Started LSB: automatic crash report generation.
[[0;32m  OK  [0m] Started Authorization Manager.
[[0;32m  OK  [0m] Started Accounts Service.
[[0;32m  OK  [0m] Started LSB: Record successful boot for GRUB.
[[0;32m  OK  [0m] Started Virtualbox guest utils.
[[0;32m  OK  [0m] Started LXD - container startup/shutdown.
[[0;32m  OK  [0m] Started Dispatcher daemon for systemd-networkd.
[[0;32m  OK  [0m] Started Snap Daemon.
         Starting Wait until snapd is fully seeded...
[[0;32m  OK  [0m] Started Pollinate to seed the pseudo random number generator.
         Starting OpenBSD Secure Shell server...
[[0;32m  OK  [0m] Started OpenBSD Secure Shell server.
[[0;32m  OK  [0m] Created slice User Slice of vagrant.
         Starting User Manager for UID 1000...
[[0;32m  OK  [0m] Started Session 1 of user vagrant.
[[0;32m  OK  [0m] Started User Manager for UID 1000.
[[0;32m  OK  [0m] Started Wait until snapd is fully seeded.
         Starting Apply the settings specified in cloud-config...
[[0;32m  OK  [0m] Reached target Multi-User System.
[[0;32m  OK  [0m] Reached target Graphical Interface.
         Starting Update UTMP about System Runlevel Changes...
[[0;32m  OK  [0m] Started Update UTMP about System Runlevel Changes.
         Stopping User Manager for UID 1000...
[[0;32m  OK  [0m] Stopped User Manager for UID 1000.
[[0;32m  OK  [0m] Removed slice User Slice of vagrant.
[[0;32m  OK  [0m] Created slice User Slice of vagrant.
         Starting User Manager for UID 1000...
[[0;32m  OK  [0m] Started Session 3 of user vagrant.
[   23.440315] cloud-init[1557]: Cloud-init v. 20.4.1-0ubuntu1~18.04.1 running 'modules:config' at Fri, 12 Mar 2021 21:29:29 +0000. Up 23.02 seconds.
[[0;32m  OK  [0m] Started User Manager for UID 1000.
[[0;32m  OK  [0m] Started Apply the settings specified in cloud-config.
         Starting Execute cloud user/final scripts...
ci-info: no authorized SSH keys fingerprints found for user ubuntu.
<14>Mar 12 21:29:30 ec2: 
<14>Mar 12 21:29:30 ec2: #############################################################
<14>Mar 12 21:29:30 ec2: -----BEGIN SSH HOST KEY FINGERPRINTS-----
<14>Mar 12 21:29:30 ec2: 1024 SHA256:IIiHMpU6KgOeJZ3S64CsGXdstzBcxooyrf5N95r4drM root@ubuntu-bionic (DSA)
<14>Mar 12 21:29:30 ec2: 256 SHA256:oWBIrSudIFDJ3ingudOzTtEgznaWy6oA83wiFihBP4o root@ubuntu-bionic (ECDSA)
<14>Mar 12 21:29:30 ec2: 256 SHA256:An03/XNQ8Nr2DbPmT2majigPHGYmO55ptiK0t2K59eY root@ubuntu-bionic (ED25519)
<14>Mar 12 21:29:30 ec2: 2048 SHA256:+anq32zBgCAmWh9zkqdN7rmlh18di8mWLhYJ9w0M72c root@ubuntu-bionic (RSA)
<14>Mar 12 21:29:30 ec2: -----END SSH HOST KEY FINGERPRINTS-----
<14>Mar 12 21:29:30 ec2: #############################################################
-----BEGIN SSH HOST KEY KEYS-----
ecdsa-sha2-nistp256 AAAAE2VjZHNhLXNoYTItbmlzdHAyNTYAAAAIbmlzdHAyNTYAAABBBLxLGzGMqRZc9b7s7k7mu2MXIkDhEvoQ1Aw6KdERPiMRJIzAklKw8p3OSGQ/HxdC0qLtSUFl4+IABqkTBedtYO8= root@ubuntu-bionic
ssh-ed25519 AAAAC3NzaC1lZDI1NTE5AAAAIMmV8OtUOeyFIbZdgWI9JbN0izNb+ZN7lh9gkwoiCqgP root@ubuntu-bionic
ssh-rsa AAAAB3NzaC1yc2EAAAADAQABAAABAQDkDw8dmPrJjelzmZUOFmZ29+aWuYBa810ZFqEofg4Q4Fau4l/Vp4cluEXmJjCUk/hOJPO/c0/EIq+tS7LW0Dso27TN17nniGIk/k3/heG2Pv2XBWUKQZ8dDAoc3WtI4L7J+55kojczSnpeElQn8Z2J2fANCRmMELMgsmVe1G2jB83TrYwCR7V0dzDdDc/TZBV303I6kc8lgsIyAY1obdE2a7Qa1qspq1XcyVtRcl03pbLzwGcMZwUba1dWmGQyiWpLX4oXwvcT4vOfVDOfHcNBwlUs3XydQtx9rV5HV43JOClD+FReZC/FTa4MpRkqA8kTo0Qr1t29xmmDeG7NDrBP root@ubuntu-bionic
-----END SSH HOST KEY KEYS-----
[   23.940947] cloud-init[1734]: Cloud-init v. 20.4.1-0ubuntu1~18.04.1 running 'modules:final' at Fri, 12 Mar 2021 21:29:30 +0000. Up 23.79 seconds.
[   23.942330] cloud-init[1734]: ci-info: no authorized SSH keys fingerprints found for user ubuntu.
[   23.943320] cloud-init[1734]: Cloud-init v. 20.4.1-0ubuntu1~18.04.1 finished at Fri, 12 Mar 2021 21:29:30 +0000. Datasource DataSourceNoCloud [seed=/dev/sdb][dsmode=net].  Up 23.93 seconds

Ubuntu 18.04.5 LTS ubuntu-bionic ttyS0

ubuntu-bionic login: 